<?xml version="1.0" encoding="UTF-8"?><testsuites time="0.024"><testsuite name="Untitled suite in sample.js" tests="1" failures="1" errors="0" time="0.024" timestamp="2015-04-02T10:02:14.657Z" package="sample"><testcase name="ReferenceError: Can't find variable: describe" classname="sample" time="0.024"><failure type="error">ReferenceError: Can't find variable: describe</failure></testcase><system-out></system-out></testsuite></testsuites>